<?xml version="1.0" encoding="UTF-8"?>
<!-- Generated by org.testng.reporters.JUnitXMLReporter -->
<testsuite ignored="0" hostname="Admin" failures="0" tests="3" name="Test1" time="43.252" errors="0" timestamp="2025-08-07T10:45:44 ICT">
  <testcase classname="HuongTestingPractice.Tests.SubmitOrderTest" name="submitOrder" time="6.058"/>
  <testcase classname="HuongTestingPractice.Tests.SubmitOrderTest" name="submitOrder" time="6.957"/>
  <testcase classname="HuongTestingPractice.Tests.SubmitOrderTest" name="OrderHistoryTest" time="1.606"/>
</testsuite> <!-- Test1 -->
