<?xml version="1.0" encoding="UTF-8"?>
<!-- Generated by org.testng.reporters.JUnitXMLReporter -->
<testsuite ignored="0" hostname="Admin" failures="0" tests="3" name="Test1" time="52.913" errors="0" timestamp="2025-08-07T11:53:37 ICT">
  <testcase classname="HuongTestingPractice.Tests.SubmitOrderTest" name="submitOrder" time="5.987"/>
  <testcase classname="HuongTestingPractice.Tests.SubmitOrderTest" name="submitOrder" time="8.039"/>
  <testcase classname="HuongTestingPractice.Tests.SubmitOrderTest" name="OrderHistoryTest" time="2.195"/>
</testsuite> <!-- Test1 -->
