<?xml version="1.0" encoding="UTF-8"?>
<!-- Generated by org.testng.reporters.JUnitXMLReporter -->
<testsuite ignored="0" hostname="Admin" failures="1" tests="4" name="Test2" time="60.789" errors="0" timestamp="2025-08-03T20:26:41 ICT">
  <testcase classname="HuongTestingPractice.Tests.ErrorValidation" name="LoginErrorValidation" time="1.08">
    <skipped/>
  </testcase> <!-- LoginErrorValidation -->
  <testcase classname="HuongTestingPractice.Tests.ErrorValidation" name="LoginErrorValidation" time="0.821">
    <skipped/>
  </testcase> <!-- LoginErrorValidation -->
  <testcase classname="HuongTestingPractice.Tests.ErrorValidation" name="LoginErrorValidation" time="0.777">
    <failure type="java.lang.AssertionError" message="expected [Incorrect email or password.] but found [Incorrect email o password.]">
      <![CDATA[java.lang.AssertionError: expected [Incorrect email or password.] but found [Incorrect email o password.]
at HuongTestingPractice.Tests.ErrorValidation.LoginErrorValidation(ErrorValidation.java:22)
at java.base/java.util.ArrayList.forEach(ArrayList.java:1596)
at java.base/java.util.concurrent.FutureTask.run(FutureTask.java:317)
at java.base/java.util.concurrent.ThreadPoolExecutor.runWorker(ThreadPoolExecutor.java:1144)
at java.base/java.util.concurrent.ThreadPoolExecutor$Worker.run(ThreadPoolExecutor.java:642)
at java.base/java.lang.Thread.run(Thread.java:1583)
... Removed 21 stack frames]]>
    </failure>
  </testcase> <!-- LoginErrorValidation -->
  <testcase classname="HuongTestingPractice.Tests.ErrorValidation" name="ProductErrorValidation" time="2.864"/>
</testsuite> <!-- Test2 -->
