<?xml version="1.0" encoding="UTF-8"?>
<!-- Generated by org.testng.reporters.JUnitXMLReporter -->
<testsuite ignored="0" hostname="Admin" failures="0" tests="3" name="Test1" time="53.798" errors="0" timestamp="2025-08-03T20:26:34 ICT">
  <testcase classname="HuongTestingPractice.Tests.SubmitOrderTest" name="submitOrder" time="11.214"/>
  <testcase classname="HuongTestingPractice.Tests.SubmitOrderTest" name="submitOrder" time="4.37"/>
  <testcase classname="HuongTestingPractice.Tests.SubmitOrderTest" name="OrderHistoryTest" time="1.343"/>
</testsuite> <!-- Test1 -->
