<?xml version="1.0" encoding="UTF-8"?>
<testsuite xmlns:xsi="http://www.w3.org/2001/XMLSchema-instance" xsi:noNamespaceSchemaLocation="https://maven.apache.org/surefire/maven-surefire-plugin/xsd/surefire-test-report-3.0.xsd" version="3.0" name="TestSuite" time="54.385" tests="6" errors="0" skipped="1" failures="1">
  <properties>
[...]
</properties>
  <testcase name="submitOrder" classname="HuongTestingPractice.Tests.SubmitOrderTest" time="6.023"/>
  <testcase name="submitOrder" classname="HuongTestingPractice.Tests.SubmitOrderTest" time="3.598"/>
  <testcase name="OrderHistoryTest" classname="HuongTestingPractice.Tests.SubmitOrderTest" time="2.195"/>
  <testcase name="LoginErrorValidation" classname="HuongTestingPractice.Tests.ErrorValidation" time="0">
    <skipped message="expected [Incorrect email or password.] but found [Incorrect email o password.]"/>
    <system-err><![CDATA[[TestNG-tests-1] INFO io.github.bonigarcia.wdm.WebDriverManager - Using chromedriver 138.0.7204.183 (resolved driver for Chrome 138)
[TestNG-tests-1] INFO io.github.bonigarcia.wdm.WebDriverManager - Exporting webdriver.chrome.driver as C:\Users\Administrator\.cache\selenium\chromedriver\win64\138.0.7204.183\chromedriver.exe
Aug 07, 2025 11:53:04 AM org.openqa.selenium.devtools.CdpVersionFinder findNearestMatch
WARNING: Unable to find an exact match for CDP version 138, returning the closest version; found: 137; Please update to a Selenium version that supports CDP version 138
]]></system-err>
  </testcase>
  <testcase name="LoginErrorValidation" classname="HuongTestingPractice.Tests.ErrorValidation" time="2.403">
    <failure message="expected [Incorrect email or password.] but found [Incorrect email o password.]" type="java.lang.AssertionError"><![CDATA[java.lang.AssertionError: expected [Incorrect email or password.] but found [Incorrect email o password.]
	at HuongTestingPractice.Tests.ErrorValidation.LoginErrorValidation(ErrorValidation.java:22)
]]></failure>
    <system-err><![CDATA[[TestNG-tests-2] INFO io.github.bonigarcia.wdm.WebDriverManager - Using chromedriver 138.0.7204.183 (resolved driver for Chrome 138)
[TestNG-tests-2] INFO io.github.bonigarcia.wdm.WebDriverManager - Exporting webdriver.chrome.driver as C:\Users\Administrator\.cache\selenium\chromedriver\win64\138.0.7204.183\chromedriver.exe
Aug 07, 2025 11:53:16 AM org.openqa.selenium.devtools.CdpVersionFinder findNearestMatch
WARNING: Unable to find an exact match for CDP version 138, returning the closest version; found: 137; Please update to a Selenium version that supports CDP version 138
]]></system-err>
  </testcase>
  <testcase name="ProductErrorValidation" classname="HuongTestingPractice.Tests.ErrorValidation" time="0.922"/>
</testsuite>