<?xml version="1.0" encoding="UTF-8"?>
<testng-results ignored="0" total="5" passed="5" failed="0" skipped="0">
  <reporter-output>
  </reporter-output>
  <suite started-at="2025-08-07T15:25:09 ICT" name="Suite" finished-at="2025-08-07T15:26:22 ICT" duration-ms="72557">
    <groups>
      <group name="ErrorHandling">
        <method signature="SubmitOrderTest.submitOrder(java.util.HashMap)[pri:0, instance:HuongTestingPractice.Tests.SubmitOrderTest@23e84203]" name="submitOrder" class="HuongTestingPractice.Tests.SubmitOrderTest"/>
      </group> <!-- ErrorHandling -->
    </groups>
    <test started-at="2025-08-07T15:25:09 ICT" name="Test2" finished-at="2025-08-07T15:25:38 ICT" duration-ms="29400">
      <class name="HuongTestingPractice.Tests.ErrorValidation">
        <test-method is-config="true" signature="launchApplication()[pri:0, instance:HuongTestingPractice.Tests.ErrorValidation@446a1e84]" started-at="2025-08-07T15:25:09 ICT" name="launchApplication" finished-at="2025-08-07T15:25:21 ICT" duration-ms="12062" status="PASS">
          <reporter-output>
          </reporter-output>
        </test-method> <!-- launchApplication -->
        <test-method signature="LoginErrorValidation()[pri:0, instance:HuongTestingPractice.Tests.ErrorValidation@446a1e84]" started-at="2025-08-07T15:25:21 ICT" name="LoginErrorValidation" finished-at="2025-08-07T15:25:25 ICT" duration-ms="3418" status="PASS">
          <reporter-output>
          </reporter-output>
        </test-method> <!-- LoginErrorValidation -->
        <test-method is-config="true" signature="tearDown()[pri:0, instance:HuongTestingPractice.Tests.ErrorValidation@446a1e84]" started-at="2025-08-07T15:25:25 ICT" name="tearDown" finished-at="2025-08-07T15:25:25 ICT" duration-ms="429" status="PASS">
          <reporter-output>
          </reporter-output>
        </test-method> <!-- tearDown -->
        <test-method is-config="true" signature="launchApplication()[pri:0, instance:HuongTestingPractice.Tests.ErrorValidation@446a1e84]" started-at="2025-08-07T15:25:25 ICT" name="launchApplication" finished-at="2025-08-07T15:25:30 ICT" duration-ms="4703" status="PASS">
          <reporter-output>
          </reporter-output>
        </test-method> <!-- launchApplication -->
        <test-method signature="ProductErrorValidation()[pri:0, instance:HuongTestingPractice.Tests.ErrorValidation@446a1e84]" started-at="2025-08-07T15:25:30 ICT" name="ProductErrorValidation" finished-at="2025-08-07T15:25:38 ICT" duration-ms="7908" status="PASS">
          <reporter-output>
          </reporter-output>
        </test-method> <!-- ProductErrorValidation -->
        <test-method is-config="true" signature="tearDown()[pri:0, instance:HuongTestingPractice.Tests.ErrorValidation@446a1e84]" started-at="2025-08-07T15:25:38 ICT" name="tearDown" finished-at="2025-08-07T15:25:38 ICT" duration-ms="785" status="PASS">
          <reporter-output>
          </reporter-output>
        </test-method> <!-- tearDown -->
      </class> <!-- HuongTestingPractice.Tests.ErrorValidation -->
    </test> <!-- Test2 -->
    <test started-at="2025-08-07T15:25:09 ICT" name="Test1" finished-at="2025-08-07T15:26:22 ICT" duration-ms="72557">
      <class name="HuongTestingPractice.Tests.SubmitOrderTest">
        <test-method is-config="true" signature="launchApplication()[pri:0, instance:HuongTestingPractice.Tests.SubmitOrderTest@23e84203]" started-at="2025-08-07T15:25:09 ICT" name="launchApplication" finished-at="2025-08-07T15:25:36 ICT" duration-ms="26203" status="PASS">
          <reporter-output>
          </reporter-output>
        </test-method> <!-- launchApplication -->
        <test-method signature="submitOrder(java.util.HashMap)[pri:0, instance:HuongTestingPractice.Tests.SubmitOrderTest@23e84203]" started-at="2025-08-07T15:25:36 ICT" name="submitOrder" data-provider="GetData" finished-at="2025-08-07T15:25:42 ICT" duration-ms="5950" status="PASS">
          <params>
            <param index="0">
              <value>
                <![CDATA[{password=Iamking@000, product=ZARA COAT 3, email=Huong@gmail.com}]]>
              </value>
            </param>
          </params>
          <reporter-output>
          </reporter-output>
        </test-method> <!-- submitOrder -->
        <test-method is-config="true" signature="tearDown()[pri:0, instance:HuongTestingPractice.Tests.SubmitOrderTest@23e84203]" started-at="2025-08-07T15:25:42 ICT" name="tearDown" finished-at="2025-08-07T15:25:44 ICT" duration-ms="1850" status="PASS">
          <reporter-output>
          </reporter-output>
        </test-method> <!-- tearDown -->
        <test-method is-config="true" signature="launchApplication()[pri:0, instance:HuongTestingPractice.Tests.SubmitOrderTest@23e84203]" started-at="2025-08-07T15:25:44 ICT" name="launchApplication" finished-at="2025-08-07T15:26:08 ICT" duration-ms="24273" status="PASS">
          <reporter-output>
          </reporter-output>
        </test-method> <!-- launchApplication -->
        <test-method signature="submitOrder(java.util.HashMap)[pri:0, instance:HuongTestingPractice.Tests.SubmitOrderTest@23e84203]" started-at="2025-08-07T15:26:08 ICT" name="submitOrder" data-provider="GetData" finished-at="2025-08-07T15:26:13 ICT" duration-ms="5266" status="PASS">
          <params>
            <param index="0">
              <value>
                <![CDATA[{password=Iamking@000, product=ADIDAS ORIGINAL, email=Huong1@gmail.com}]]>
              </value>
            </param>
          </params>
          <reporter-output>
          </reporter-output>
        </test-method> <!-- submitOrder -->
        <test-method is-config="true" signature="tearDown()[pri:0, instance:HuongTestingPractice.Tests.SubmitOrderTest@23e84203]" started-at="2025-08-07T15:26:13 ICT" name="tearDown" finished-at="2025-08-07T15:26:13 ICT" duration-ms="371" status="PASS">
          <reporter-output>
          </reporter-output>
        </test-method> <!-- tearDown -->
        <test-method is-config="true" signature="launchApplication()[pri:0, instance:HuongTestingPractice.Tests.SubmitOrderTest@23e84203]" started-at="2025-08-07T15:26:13 ICT" name="launchApplication" finished-at="2025-08-07T15:26:20 ICT" duration-ms="6126" status="PASS">
          <reporter-output>
          </reporter-output>
        </test-method> <!-- launchApplication -->
        <test-method signature="OrderHistoryTest()[pri:0, instance:HuongTestingPractice.Tests.SubmitOrderTest@23e84203]" started-at="2025-08-07T15:26:20 ICT" name="OrderHistoryTest" finished-at="2025-08-07T15:26:21 ICT" depends-on-methods="HuongTestingPractice.Tests.SubmitOrderTest.submitOrder" duration-ms="1779" status="PASS">
          <reporter-output>
          </reporter-output>
        </test-method> <!-- OrderHistoryTest -->
        <test-method is-config="true" signature="tearDown()[pri:0, instance:HuongTestingPractice.Tests.SubmitOrderTest@23e84203]" started-at="2025-08-07T15:26:21 ICT" name="tearDown" finished-at="2025-08-07T15:26:22 ICT" duration-ms="185" status="PASS">
          <reporter-output>
          </reporter-output>
        </test-method> <!-- tearDown -->
      </class> <!-- HuongTestingPractice.Tests.SubmitOrderTest -->
    </test> <!-- Test1 -->
  </suite> <!-- Suite -->
</testng-results>
