-------------------------------------------------------------------------------
Test set: TestSuite
-------------------------------------------------------------------------------
Tests run: 6, Failures: 1, Errors: 0, Skipped: 1, Time elapsed: 41.316 s <<< FAILURE! - in TestSuite
HuongTestingPractice.Tests.ErrorValidation.LoginErrorValidation  Time elapsed: 1.476 s  <<< FAILURE!
java.lang.AssertionError: expected [Incorrect email or password.] but found [Incorrect email o password.]
	at HuongTestingPractice.Tests.ErrorValidation.LoginErrorValidation(ErrorValidation.java:22)

