<?xml version="1.0" encoding="UTF-8"?>
<testng-results ignored="0" total="5" passed="5" failed="0" skipped="0">
  <reporter-output>
  </reporter-output>
  <suite started-at="2025-08-08T18:55:23 ICT" name="Suite" finished-at="2025-08-08T18:57:24 ICT" duration-ms="120560">
    <groups>
      <group name="ErrorHandling">
        <method signature="SubmitOrderTest.submitOrder(java.util.HashMap)[pri:0, instance:HuongTestingPractice.Tests.SubmitOrderTest@7283d3eb]" name="submitOrder" class="HuongTestingPractice.Tests.SubmitOrderTest"/>
      </group> <!-- ErrorHandling -->
    </groups>
    <test started-at="2025-08-08T18:55:23 ICT" name="Test2" finished-at="2025-08-08T18:56:55 ICT" duration-ms="91640">
      <class name="HuongTestingPractice.Tests.ErrorValidation">
        <test-method is-config="true" signature="launchApplication()[pri:0, instance:HuongTestingPractice.Tests.ErrorValidation@651aed93]" started-at="2025-08-08T18:55:23 ICT" name="launchApplication" finished-at="2025-08-08T18:56:42 ICT" duration-ms="79039" status="PASS">
          <reporter-output>
          </reporter-output>
        </test-method> <!-- launchApplication -->
        <test-method signature="LoginErrorValidation()[pri:0, instance:HuongTestingPractice.Tests.ErrorValidation@651aed93]" started-at="2025-08-08T18:56:42 ICT" name="LoginErrorValidation" finished-at="2025-08-08T18:56:43 ICT" duration-ms="1200" status="PASS">
          <reporter-output>
          </reporter-output>
        </test-method> <!-- LoginErrorValidation -->
        <test-method is-config="true" signature="tearDown()[pri:0, instance:HuongTestingPractice.Tests.ErrorValidation@651aed93]" started-at="2025-08-08T18:56:43 ICT" name="tearDown" finished-at="2025-08-08T18:56:44 ICT" duration-ms="985" status="PASS">
          <reporter-output>
          </reporter-output>
        </test-method> <!-- tearDown -->
        <test-method is-config="true" signature="launchApplication()[pri:0, instance:HuongTestingPractice.Tests.ErrorValidation@651aed93]" started-at="2025-08-08T18:56:44 ICT" name="launchApplication" finished-at="2025-08-08T18:56:51 ICT" duration-ms="6766" status="PASS">
          <reporter-output>
          </reporter-output>
        </test-method> <!-- launchApplication -->
        <test-method signature="ProductErrorValidation()[pri:0, instance:HuongTestingPractice.Tests.ErrorValidation@651aed93]" started-at="2025-08-08T18:56:51 ICT" name="ProductErrorValidation" finished-at="2025-08-08T18:56:54 ICT" duration-ms="3322" status="PASS">
          <reporter-output>
          </reporter-output>
        </test-method> <!-- ProductErrorValidation -->
        <test-method is-config="true" signature="tearDown()[pri:0, instance:HuongTestingPractice.Tests.ErrorValidation@651aed93]" started-at="2025-08-08T18:56:54 ICT" name="tearDown" finished-at="2025-08-08T18:56:55 ICT" duration-ms="248" status="PASS">
          <reporter-output>
          </reporter-output>
        </test-method> <!-- tearDown -->
      </class> <!-- HuongTestingPractice.Tests.ErrorValidation -->
    </test> <!-- Test2 -->
    <test started-at="2025-08-08T18:55:23 ICT" name="Test1" finished-at="2025-08-08T18:57:24 ICT" duration-ms="120560">
      <class name="HuongTestingPractice.Tests.SubmitOrderTest">
        <test-method is-config="true" signature="launchApplication()[pri:0, instance:HuongTestingPractice.Tests.SubmitOrderTest@7283d3eb]" started-at="2025-08-08T18:55:25 ICT" name="launchApplication" finished-at="2025-08-08T18:56:39 ICT" duration-ms="74199" status="PASS">
          <reporter-output>
          </reporter-output>
        </test-method> <!-- launchApplication -->
        <test-method signature="submitOrder(java.util.HashMap)[pri:0, instance:HuongTestingPractice.Tests.SubmitOrderTest@7283d3eb]" started-at="2025-08-08T18:56:39 ICT" name="submitOrder" data-provider="GetData" finished-at="2025-08-08T18:56:47 ICT" duration-ms="7733" status="PASS">
          <params>
            <param index="0">
              <value>
                <![CDATA[{password=Iamking@000, product=ZARA COAT 3, email=Huong@gmail.com}]]>
              </value>
            </param>
          </params>
          <reporter-output>
          </reporter-output>
        </test-method> <!-- submitOrder -->
        <test-method is-config="true" signature="tearDown()[pri:0, instance:HuongTestingPractice.Tests.SubmitOrderTest@7283d3eb]" started-at="2025-08-08T18:56:47 ICT" name="tearDown" finished-at="2025-08-08T18:56:48 ICT" duration-ms="480" status="PASS">
          <reporter-output>
          </reporter-output>
        </test-method> <!-- tearDown -->
        <test-method is-config="true" signature="launchApplication()[pri:0, instance:HuongTestingPractice.Tests.SubmitOrderTest@7283d3eb]" started-at="2025-08-08T18:56:48 ICT" name="launchApplication" finished-at="2025-08-08T18:57:09 ICT" duration-ms="21171" status="PASS">
          <reporter-output>
          </reporter-output>
        </test-method> <!-- launchApplication -->
        <test-method signature="submitOrder(java.util.HashMap)[pri:0, instance:HuongTestingPractice.Tests.SubmitOrderTest@7283d3eb]" started-at="2025-08-08T18:57:09 ICT" name="submitOrder" data-provider="GetData" finished-at="2025-08-08T18:57:14 ICT" duration-ms="5306" status="PASS">
          <params>
            <param index="0">
              <value>
                <![CDATA[{password=Iamking@000, product=ADIDAS ORIGINAL, email=Huong1@gmail.com}]]>
              </value>
            </param>
          </params>
          <reporter-output>
          </reporter-output>
        </test-method> <!-- submitOrder -->
        <test-method is-config="true" signature="tearDown()[pri:0, instance:HuongTestingPractice.Tests.SubmitOrderTest@7283d3eb]" started-at="2025-08-08T18:57:14 ICT" name="tearDown" finished-at="2025-08-08T18:57:15 ICT" duration-ms="474" status="PASS">
          <reporter-output>
          </reporter-output>
        </test-method> <!-- tearDown -->
        <test-method is-config="true" signature="launchApplication()[pri:0, instance:HuongTestingPractice.Tests.SubmitOrderTest@7283d3eb]" started-at="2025-08-08T18:57:15 ICT" name="launchApplication" finished-at="2025-08-08T18:57:21 ICT" duration-ms="6691" status="PASS">
          <reporter-output>
          </reporter-output>
        </test-method> <!-- launchApplication -->
        <test-method signature="OrderHistoryTest()[pri:0, instance:HuongTestingPractice.Tests.SubmitOrderTest@7283d3eb]" started-at="2025-08-08T18:57:21 ICT" name="OrderHistoryTest" finished-at="2025-08-08T18:57:23 ICT" depends-on-methods="HuongTestingPractice.Tests.SubmitOrderTest.submitOrder" duration-ms="1817" status="PASS">
          <reporter-output>
          </reporter-output>
        </test-method> <!-- OrderHistoryTest -->
        <test-method is-config="true" signature="tearDown()[pri:0, instance:HuongTestingPractice.Tests.SubmitOrderTest@7283d3eb]" started-at="2025-08-08T18:57:23 ICT" name="tearDown" finished-at="2025-08-08T18:57:24 ICT" duration-ms="391" status="PASS">
          <reporter-output>
          </reporter-output>
        </test-method> <!-- tearDown -->
      </class> <!-- HuongTestingPractice.Tests.SubmitOrderTest -->
    </test> <!-- Test1 -->
  </suite> <!-- Suite -->
</testng-results>
